This file contains any messages produced by compilers while
running configure, to aid debugging if configure makes a mistake.

It was created by moon-buggy configure 1.0.51, which was
generated by GNU Autoconf 2.59.  Invocation command line was

  $ ./configure --prefix=/sbbs/doors/moon-buggy

## --------- ##
## Platform. ##
## --------- ##

hostname = amigacity.xyz
uname -m = x86_64
uname -r = 4.15.13-x86_64-linode106
uname -s = Linux
uname -v = #1 SMP Tue Mar 27 14:42:14 UTC 2018

/usr/bin/uname -p = unknown
/bin/uname -X     = unknown

/bin/arch              = unknown
/usr/bin/arch -k       = unknown
/usr/convex/getsysinfo = unknown
hostinfo               = unknown
/bin/machine           = unknown
/usr/bin/oslevel       = unknown
/bin/universe          = unknown

PATH: /sbbs/exec
PATH: /root/bin
PATH: /root/bbs_utils
PATH: /root/SyncBackup
PATH: /root/SynchronetManagementConsole
PATH: /usr/local/sbin
PATH: /usr/local/bin
PATH: /usr/sbin
PATH: /usr/bin
PATH: /sbin
PATH: /bin
PATH: /usr/games
PATH: /usr/local/games
PATH: /snap/bin


## ----------- ##
## Core tests. ##
## ----------- ##

configure:1372: checking for a BSD-compatible install
configure:1427: result: /usr/bin/install -c
configure:1438: checking whether build environment is sane
configure:1481: result: yes
configure:1546: checking for gawk
configure:1575: result: no
configure:1546: checking for mawk
configure:1562: found /usr/bin/mawk
configure:1572: result: mawk
configure:1582: checking whether make sets $(MAKE)
configure:1602: result: yes
configure:1779: checking build system type
configure:1797: result: x86_64-unknown-linux-gnu
configure:1805: checking host system type
configure:1819: result: x86_64-unknown-linux-gnu
configure:1897: checking for gcc
configure:1913: found /usr/bin/gcc
configure:1923: result: gcc
configure:2167: checking for C compiler version
configure:2170: gcc --version </dev/null >&5
gcc (Ubuntu 5.4.0-6ubuntu1~16.04.9) 5.4.0 20160609
Copyright (C) 2015 Free Software Foundation, Inc.
This is free software; see the source for copying conditions.  There is NO
warranty; not even for MERCHANTABILITY or FITNESS FOR A PARTICULAR PURPOSE.

configure:2173: $? = 0
configure:2175: gcc -v </dev/null >&5
Using built-in specs.
COLLECT_GCC=gcc
COLLECT_LTO_WRAPPER=/usr/lib/gcc/x86_64-linux-gnu/5/lto-wrapper
Target: x86_64-linux-gnu
Configured with: ../src/configure -v --with-pkgversion='Ubuntu 5.4.0-6ubuntu1~16.04.9' --with-bugurl=file:///usr/share/doc/gcc-5/README.Bugs --enable-languages=c,ada,c++,java,go,d,fortran,objc,obj-c++ --prefix=/usr --program-suffix=-5 --enable-shared --enable-linker-build-id --libexecdir=/usr/lib --without-included-gettext --enable-threads=posix --libdir=/usr/lib --enable-nls --with-sysroot=/ --enable-clocale=gnu --enable-libstdcxx-debug --enable-libstdcxx-time=yes --with-default-libstdcxx-abi=new --enable-gnu-unique-object --disable-vtable-verify --enable-libmpx --enable-plugin --with-system-zlib --disable-browser-plugin --enable-java-awt=gtk --enable-gtk-cairo --with-java-home=/usr/lib/jvm/java-1.5.0-gcj-5-amd64/jre --enable-java-home --with-jvm-root-dir=/usr/lib/jvm/java-1.5.0-gcj-5-amd64 --with-jvm-jar-dir=/usr/lib/jvm-exports/java-1.5.0-gcj-5-amd64 --with-arch-directory=amd64 --with-ecj-jar=/usr/share/java/eclipse-ecj.jar --enable-objc-gc --enable-multiarch --disable-werror --with-arch-32=i686 --with-abi=m64 --with-multilib-list=m32,m64,mx32 --enable-multilib --with-tune=generic --enable-checking=release --build=x86_64-linux-gnu --host=x86_64-linux-gnu --target=x86_64-linux-gnu
Thread model: posix
gcc version 5.4.0 20160609 (Ubuntu 5.4.0-6ubuntu1~16.04.9) 
configure:2178: $? = 0
configure:2180: gcc -V </dev/null >&5
gcc: error: unrecognized command line option '-V'
gcc: fatal error: no input files
compilation terminated.
configure:2183: $? = 1
configure:2206: checking for C compiler default output file name
configure:2209: gcc    conftest.c  >&5
configure:2212: $? = 0
configure:2258: result: a.out
configure:2263: checking whether the C compiler works
configure:2269: ./a.out
configure:2272: $? = 0
configure:2289: result: yes
configure:2296: checking whether we are cross compiling
configure:2298: result: no
configure:2301: checking for suffix of executables
configure:2303: gcc -o conftest    conftest.c  >&5
configure:2306: $? = 0
configure:2331: result: 
configure:2337: checking for suffix of object files
configure:2358: gcc -c   conftest.c >&5
configure:2361: $? = 0
configure:2383: result: o
configure:2387: checking whether we are using the GNU C compiler
configure:2411: gcc -c   conftest.c >&5
configure:2417: $? = 0
configure:2420: test -z 			 || test ! -s conftest.err
configure:2423: $? = 0
configure:2426: test -s conftest.o
configure:2429: $? = 0
configure:2442: result: yes
configure:2448: checking whether gcc accepts -g
configure:2469: gcc -c -g  conftest.c >&5
configure:2475: $? = 0
configure:2478: test -z 			 || test ! -s conftest.err
configure:2481: $? = 0
configure:2484: test -s conftest.o
configure:2487: $? = 0
configure:2498: result: yes
configure:2515: checking for gcc option to accept ANSI C
configure:2585: gcc  -c -g -O2  conftest.c >&5
configure:2591: $? = 0
configure:2594: test -z 			 || test ! -s conftest.err
configure:2597: $? = 0
configure:2600: test -s conftest.o
configure:2603: $? = 0
configure:2621: result: none needed
configure:2639: gcc -c -g -O2  conftest.c >&5
conftest.c:2:3: error: unknown type name 'choke'
   choke me
   ^
conftest.c:2:3: error: expected '=', ',', ';', 'asm' or '__attribute__' at end of input
configure:2645: $? = 1
configure: failed program was:
| #ifndef __cplusplus
|   choke me
| #endif
configure:2786: checking for style of include used by make
configure:2814: result: GNU
configure:2842: checking dependency style of gcc
configure:2932: result: gcc3
configure:2952: checking for modf in -lm
configure:2982: gcc -o conftest -g -O2   conftest.c -lm   >&5
conftest.c:19:6: warning: conflicting types for built-in function 'modf'
 char modf ();
      ^
configure:2988: $? = 0
configure:2991: test -z 			 || test ! -s conftest.err
configure:2994: $? = 0
configure:2997: test -s conftest
configure:3000: $? = 0
configure:3013: result: yes
configure:3029: checking how to run the C preprocessor
configure:3064: gcc -E  conftest.c
configure:3070: $? = 0
configure:3102: gcc -E  conftest.c
conftest.c:13:28: fatal error: ac_nonexistent.h: No such file or directory
compilation terminated.
configure:3108: $? = 1
configure: failed program was:
| /* confdefs.h.  */
| 
| #define PACKAGE_NAME "moon-buggy"
| #define PACKAGE_TARNAME "moon-buggy"
| #define PACKAGE_VERSION "1.0.51"
| #define PACKAGE_STRING "moon-buggy 1.0.51"
| #define PACKAGE_BUGREPORT "voss@seehuhn.de"
| #define PACKAGE "moon-buggy"
| #define VERSION "1.0.51"
| #define _XOPEN_SOURCE 1
| #define HAVE_LIBM 1
| /* end confdefs.h.  */
| #include <ac_nonexistent.h>
configure:3147: result: gcc -E
configure:3171: gcc -E  conftest.c
configure:3177: $? = 0
configure:3209: gcc -E  conftest.c
conftest.c:13:28: fatal error: ac_nonexistent.h: No such file or directory
compilation terminated.
configure:3215: $? = 1
configure: failed program was:
| /* confdefs.h.  */
| 
| #define PACKAGE_NAME "moon-buggy"
| #define PACKAGE_TARNAME "moon-buggy"
| #define PACKAGE_VERSION "1.0.51"
| #define PACKAGE_STRING "moon-buggy 1.0.51"
| #define PACKAGE_BUGREPORT "voss@seehuhn.de"
| #define PACKAGE "moon-buggy"
| #define VERSION "1.0.51"
| #define _XOPEN_SOURCE 1
| #define HAVE_LIBM 1
| /* end confdefs.h.  */
| #include <ac_nonexistent.h>
configure:3259: checking for egrep
configure:3269: result: grep -E
configure:3274: checking for ANSI C header files
configure:3299: gcc -c -g -O2  conftest.c >&5
configure:3305: $? = 0
configure:3308: test -z 			 || test ! -s conftest.err
configure:3311: $? = 0
configure:3314: test -s conftest.o
configure:3317: $? = 0
configure:3406: gcc -o conftest -g -O2   conftest.c -lm  >&5
conftest.c: In function 'main':
conftest.c:30:7: warning: implicit declaration of function 'exit' [-Wimplicit-function-declaration]
       exit(2);
       ^
conftest.c:30:7: warning: incompatible implicit declaration of built-in function 'exit'
conftest.c:30:7: note: include '<stdlib.h>' or provide a declaration of 'exit'
conftest.c:31:3: warning: incompatible implicit declaration of built-in function 'exit'
   exit (0);
   ^
conftest.c:31:3: note: include '<stdlib.h>' or provide a declaration of 'exit'
configure:3409: $? = 0
configure:3411: ./conftest
configure:3414: $? = 0
configure:3429: result: yes
configure:3453: checking for sys/types.h
configure:3469: gcc -c -g -O2  conftest.c >&5
configure:3475: $? = 0
configure:3478: test -z 			 || test ! -s conftest.err
configure:3481: $? = 0
configure:3484: test -s conftest.o
configure:3487: $? = 0
configure:3498: result: yes
configure:3453: checking for sys/stat.h
configure:3469: gcc -c -g -O2  conftest.c >&5
configure:3475: $? = 0
configure:3478: test -z 			 || test ! -s conftest.err
configure:3481: $? = 0
configure:3484: test -s conftest.o
configure:3487: $? = 0
configure:3498: result: yes
configure:3453: checking for stdlib.h
configure:3469: gcc -c -g -O2  conftest.c >&5
configure:3475: $? = 0
configure:3478: test -z 			 || test ! -s conftest.err
configure:3481: $? = 0
configure:3484: test -s conftest.o
configure:3487: $? = 0
configure:3498: result: yes
configure:3453: checking for string.h
configure:3469: gcc -c -g -O2  conftest.c >&5
configure:3475: $? = 0
configure:3478: test -z 			 || test ! -s conftest.err
configure:3481: $? = 0
configure:3484: test -s conftest.o
configure:3487: $? = 0
configure:3498: result: yes
configure:3453: checking for memory.h
configure:3469: gcc -c -g -O2  conftest.c >&5
configure:3475: $? = 0
configure:3478: test -z 			 || test ! -s conftest.err
configure:3481: $? = 0
configure:3484: test -s conftest.o
configure:3487: $? = 0
configure:3498: result: yes
configure:3453: checking for strings.h
configure:3469: gcc -c -g -O2  conftest.c >&5
configure:3475: $? = 0
configure:3478: test -z 			 || test ! -s conftest.err
configure:3481: $? = 0
configure:3484: test -s conftest.o
configure:3487: $? = 0
configure:3498: result: yes
configure:3453: checking for inttypes.h
configure:3469: gcc -c -g -O2  conftest.c >&5
configure:3475: $? = 0
configure:3478: test -z 			 || test ! -s conftest.err
configure:3481: $? = 0
configure:3484: test -s conftest.o
configure:3487: $? = 0
configure:3498: result: yes
configure:3453: checking for stdint.h
configure:3469: gcc -c -g -O2  conftest.c >&5
configure:3475: $? = 0
configure:3478: test -z 			 || test ! -s conftest.err
configure:3481: $? = 0
configure:3484: test -s conftest.o
configure:3487: $? = 0
configure:3498: result: yes
configure:3453: checking for unistd.h
configure:3469: gcc -c -g -O2  conftest.c >&5
configure:3475: $? = 0
configure:3478: test -z 			 || test ! -s conftest.err
configure:3481: $? = 0
configure:3484: test -s conftest.o
configure:3487: $? = 0
configure:3498: result: yes
configure:3511: checking for curses preprocessor flags
configure:3530: result: none
configure:3565: checking curses.h usability
configure:3577: gcc -c -g -O2   conftest.c >&5
configure:3583: $? = 0
configure:3586: test -z 			 || test ! -s conftest.err
configure:3589: $? = 0
configure:3592: test -s conftest.o
configure:3595: $? = 0
configure:3605: result: yes
configure:3609: checking curses.h presence
configure:3619: gcc -E   conftest.c
configure:3625: $? = 0
configure:3645: result: yes
configure:3680: checking for curses.h
configure:3687: result: yes
configure:3712: checking how to include the curses header file
configure:3720: result: <curses.h>
configure:3742: checking for initscr in -lcurses
configure:3772: gcc -o conftest -g -O2   conftest.c -lcurses  -lm  >&5
configure:3778: $? = 0
configure:3781: test -z 			 || test ! -s conftest.err
configure:3784: $? = 0
configure:3787: test -s conftest
configure:3790: $? = 0
configure:3803: result: yes
configure:3879: checking for curses linker flags
configure:3883: result: -lcurses
configure:3893: checking for ANSI C header files
configure:4048: result: yes
configure:4075: checking getopt.h usability
configure:4087: gcc -c -g -O2  conftest.c >&5
configure:4093: $? = 0
configure:4096: test -z 			 || test ! -s conftest.err
configure:4099: $? = 0
configure:4102: test -s conftest.o
configure:4105: $? = 0
configure:4115: result: yes
configure:4119: checking getopt.h presence
configure:4129: gcc -E  conftest.c
configure:4135: $? = 0
configure:4155: result: yes
configure:4190: checking for getopt.h
configure:4197: result: yes
configure:4075: checking errno.h usability
configure:4087: gcc -c -g -O2  conftest.c >&5
configure:4093: $? = 0
configure:4096: test -z 			 || test ! -s conftest.err
configure:4099: $? = 0
configure:4102: test -s conftest.o
configure:4105: $? = 0
configure:4115: result: yes
configure:4119: checking errno.h presence
configure:4129: gcc -E  conftest.c
configure:4135: $? = 0
configure:4155: result: yes
configure:4190: checking for errno.h
configure:4197: result: yes
configure:4075: checking locale.h usability
configure:4087: gcc -c -g -O2  conftest.c >&5
configure:4093: $? = 0
configure:4096: test -z 			 || test ! -s conftest.err
configure:4099: $? = 0
configure:4102: test -s conftest.o
configure:4105: $? = 0
configure:4115: result: yes
configure:4119: checking locale.h presence
configure:4129: gcc -E  conftest.c
configure:4135: $? = 0
configure:4155: result: yes
configure:4190: checking for locale.h
configure:4197: result: yes
configure:4075: checking termios.h usability
configure:4087: gcc -c -g -O2  conftest.c >&5
configure:4093: $? = 0
configure:4096: test -z 			 || test ! -s conftest.err
configure:4099: $? = 0
configure:4102: test -s conftest.o
configure:4105: $? = 0
configure:4115: result: yes
configure:4119: checking termios.h presence
configure:4129: gcc -E  conftest.c
configure:4135: $? = 0
configure:4155: result: yes
configure:4190: checking for termios.h
configure:4197: result: yes
configure:4212: checking for fd_set
configure:4230: gcc -c -g -O2  conftest.c >&5
conftest.c: In function 'main':
conftest.c:34:1: error: unknown type name 'fd_set'
 fd_set readMask, writeMask;
 ^
configure:4236: $? = 1
configure: failed program was:
| /* confdefs.h.  */
| 
| #define PACKAGE_NAME "moon-buggy"
| #define PACKAGE_TARNAME "moon-buggy"
| #define PACKAGE_VERSION "1.0.51"
| #define PACKAGE_STRING "moon-buggy 1.0.51"
| #define PACKAGE_BUGREPORT "voss@seehuhn.de"
| #define PACKAGE "moon-buggy"
| #define VERSION "1.0.51"
| #define _XOPEN_SOURCE 1
| #define HAVE_LIBM 1
| #define STDC_HEADERS 1
| #define HAVE_SYS_TYPES_H 1
| #define HAVE_SYS_STAT_H 1
| #define HAVE_STDLIB_H 1
| #define HAVE_STRING_H 1
| #define HAVE_MEMORY_H 1
| #define HAVE_STRINGS_H 1
| #define HAVE_INTTYPES_H 1
| #define HAVE_STDINT_H 1
| #define HAVE_UNISTD_H 1
| #define HAVE_CURSES_H 1
| #define CURSES_HEADER <curses.h>
| #define STDC_HEADERS 1
| #define HAVE_GETOPT_H 1
| #define HAVE_ERRNO_H 1
| #define HAVE_LOCALE_H 1
| #define HAVE_TERMIOS_H 1
| /* end confdefs.h.  */
| #include <sys/types.h>
| int
| main ()
| {
| fd_set readMask, writeMask;
|   ;
|   return 0;
| }
configure:4283: result: yes, found in sys/select.h
configure:4296: checking for an ANSI C-conforming const
configure:4363: gcc -c -g -O2  conftest.c >&5
configure:4369: $? = 0
configure:4372: test -z 			 || test ! -s conftest.err
configure:4375: $? = 0
configure:4378: test -s conftest.o
configure:4381: $? = 0
configure:4392: result: yes
configure:4402: checking for uid_t in sys/types.h
configure:4425: result: yes
configure:4440: checking for size_t
configure:4464: gcc -c -g -O2  conftest.c >&5
configure:4470: $? = 0
configure:4473: test -z 			 || test ! -s conftest.err
configure:4476: $? = 0
configure:4479: test -s conftest.o
configure:4482: $? = 0
configure:4493: result: yes
configure:4506: checking return type of signal handlers
configure:4537: gcc -c -g -O2  conftest.c >&5
configure:4543: $? = 0
configure:4546: test -z 			 || test ! -s conftest.err
configure:4549: $? = 0
configure:4552: test -s conftest.o
configure:4555: $? = 0
configure:4566: result: void
configure:4582: checking for fclean
configure:4639: gcc -o conftest -g -O2   conftest.c -lm  >&5
/tmp/ccoe8Olv.o:(.data+0x0): undefined reference to `fclean'
/tmp/ccoe8Olv.o: In function `main':
/root/mygames/moon-buggy-1.0.51/conftest.c:71: undefined reference to `fclean'
collect2: error: ld returned 1 exit status
configure:4645: $? = 1
configure: failed program was:
| /* confdefs.h.  */
| 
| #define PACKAGE_NAME "moon-buggy"
| #define PACKAGE_TARNAME "moon-buggy"
| #define PACKAGE_VERSION "1.0.51"
| #define PACKAGE_STRING "moon-buggy 1.0.51"
| #define PACKAGE_BUGREPORT "voss@seehuhn.de"
| #define PACKAGE "moon-buggy"
| #define VERSION "1.0.51"
| #define _XOPEN_SOURCE 1
| #define HAVE_LIBM 1
| #define STDC_HEADERS 1
| #define HAVE_SYS_TYPES_H 1
| #define HAVE_SYS_STAT_H 1
| #define HAVE_STDLIB_H 1
| #define HAVE_STRING_H 1
| #define HAVE_MEMORY_H 1
| #define HAVE_STRINGS_H 1
| #define HAVE_INTTYPES_H 1
| #define HAVE_STDINT_H 1
| #define HAVE_UNISTD_H 1
| #define HAVE_CURSES_H 1
| #define CURSES_HEADER <curses.h>
| #define STDC_HEADERS 1
| #define HAVE_GETOPT_H 1
| #define HAVE_ERRNO_H 1
| #define HAVE_LOCALE_H 1
| #define HAVE_TERMIOS_H 1
| #define HAVE_SYS_SELECT_H 1
| #define RETSIGTYPE void
| /* end confdefs.h.  */
| /* Define fclean to an innocuous variant, in case <limits.h> declares fclean.
|    For example, HP-UX 11i <limits.h> declares gettimeofday.  */
| #define fclean innocuous_fclean
| 
| /* System header to define __stub macros and hopefully few prototypes,
|     which can conflict with char fclean (); below.
|     Prefer <limits.h> to <assert.h> if __STDC__ is defined, since
|     <limits.h> exists even on freestanding compilers.  */
| 
| #ifdef __STDC__
| # include <limits.h>
| #else
| # include <assert.h>
| #endif
| 
| #undef fclean
| 
| /* Override any gcc2 internal prototype to avoid an error.  */
| #ifdef __cplusplus
| extern "C"
| {
| #endif
| /* We use char because int might match the return type of a gcc2
|    builtin and then its argument prototype would still apply.  */
| char fclean ();
| /* The GNU C library defines this for functions which it implements
|     to always fail with ENOSYS.  Some functions are actually named
|     something starting with __ and the normal name is an alias.  */
| #if defined (__stub_fclean) || defined (__stub___fclean)
| choke me
| #else
| char (*f) () = fclean;
| #endif
| #ifdef __cplusplus
| }
| #endif
| 
| int
| main ()
| {
| return f != fclean;
|   ;
|   return 0;
| }
configure:4669: result: no
configure:4582: checking for ftruncate
configure:4639: gcc -o conftest -g -O2   conftest.c -lm  >&5
configure:4645: $? = 0
configure:4648: test -z 			 || test ! -s conftest.err
configure:4651: $? = 0
configure:4654: test -s conftest
configure:4657: $? = 0
configure:4669: result: yes
configure:4582: checking for getopt_long
configure:4639: gcc -o conftest -g -O2   conftest.c -lm  >&5
configure:4645: $? = 0
configure:4648: test -z 			 || test ! -s conftest.err
configure:4651: $? = 0
configure:4654: test -s conftest
configure:4657: $? = 0
configure:4669: result: yes
configure:4582: checking for setreuid
configure:4639: gcc -o conftest -g -O2   conftest.c -lm  >&5
configure:4645: $? = 0
configure:4648: test -z 			 || test ! -s conftest.err
configure:4651: $? = 0
configure:4654: test -s conftest
configure:4657: $? = 0
configure:4669: result: yes
configure:4582: checking for setlocale
configure:4639: gcc -o conftest -g -O2   conftest.c -lm  >&5
configure:4645: $? = 0
configure:4648: test -z 			 || test ! -s conftest.err
configure:4651: $? = 0
configure:4654: test -s conftest
configure:4657: $? = 0
configure:4669: result: yes
configure:4809: creating ./config.status

## ---------------------- ##
## Running config.status. ##
## ---------------------- ##

This file was extended by moon-buggy config.status 1.0.51, which was
generated by GNU Autoconf 2.59.  Invocation command line was

  CONFIG_FILES    = 
  CONFIG_HEADERS  = 
  CONFIG_LINKS    = 
  CONFIG_COMMANDS = 
  $ ./config.status 

on amigacity.xyz

config.status:741: creating Makefile
config.status:807: creating config.h
config.status:1123: executing depfiles commands

## ---------------- ##
## Cache variables. ##
## ---------------- ##

ac_cv_build=x86_64-unknown-linux-gnu
ac_cv_build_alias=x86_64-unknown-linux-gnu
ac_cv_c_compiler_gnu=yes
ac_cv_c_const=yes
ac_cv_env_CC_set=
ac_cv_env_CC_value=
ac_cv_env_CFLAGS_set=
ac_cv_env_CFLAGS_value=
ac_cv_env_CPPFLAGS_set=
ac_cv_env_CPPFLAGS_value=
ac_cv_env_CPP_set=
ac_cv_env_CPP_value=
ac_cv_env_LDFLAGS_set=
ac_cv_env_LDFLAGS_value=
ac_cv_env_build_alias_set=
ac_cv_env_build_alias_value=
ac_cv_env_host_alias_set=
ac_cv_env_host_alias_value=
ac_cv_env_target_alias_set=
ac_cv_env_target_alias_value=
ac_cv_exeext=
ac_cv_func_fclean=no
ac_cv_func_ftruncate=yes
ac_cv_func_getopt_long=yes
ac_cv_func_setlocale=yes
ac_cv_func_setreuid=yes
ac_cv_header_curses_h=yes
ac_cv_header_errno_h=yes
ac_cv_header_getopt_h=yes
ac_cv_header_inttypes_h=yes
ac_cv_header_locale_h=yes
ac_cv_header_memory_h=yes
ac_cv_header_stdc=yes
ac_cv_header_stdint_h=yes
ac_cv_header_stdlib_h=yes
ac_cv_header_string_h=yes
ac_cv_header_strings_h=yes
ac_cv_header_sys_stat_h=yes
ac_cv_header_sys_types_h=yes
ac_cv_header_termios_h=yes
ac_cv_header_unistd_h=yes
ac_cv_host=x86_64-unknown-linux-gnu
ac_cv_host_alias=x86_64-unknown-linux-gnu
ac_cv_lib_curses_initscr=yes
ac_cv_lib_m_modf=yes
ac_cv_objext=o
ac_cv_path_install='/usr/bin/install -c'
ac_cv_prog_AWK=mawk
ac_cv_prog_CPP='gcc -E'
ac_cv_prog_ac_ct_CC=gcc
ac_cv_prog_cc_g=yes
ac_cv_prog_cc_stdc=
ac_cv_prog_egrep='grep -E'
ac_cv_prog_make_make_set=yes
ac_cv_type_signal=void
ac_cv_type_size_t=yes
ac_cv_type_uid_t=yes
am_cv_CC_dependencies_compiler_type=gcc3

## ----------------- ##
## Output variables. ##
## ----------------- ##

ACLOCAL='${SHELL} /root/mygames/moon-buggy-1.0.51/missing --run aclocal-1.9'
AMDEPBACKSLASH='\'
AMDEP_FALSE='#'
AMDEP_TRUE=''
AMTAR='${SHELL} /root/mygames/moon-buggy-1.0.51/missing --run tar'
AUTOCONF='${SHELL} /root/mygames/moon-buggy-1.0.51/missing --run autoconf'
AUTOHEADER='${SHELL} /root/mygames/moon-buggy-1.0.51/missing --run autoheader'
AUTOMAKE='${SHELL} /root/mygames/moon-buggy-1.0.51/missing --run automake-1.9'
AWK='mawk'
CC='gcc'
CCDEPMODE='depmode=gcc3'
CFLAGS='-g -O2'
CPP='gcc -E'
CPPFLAGS=''
CURSES_INCLUDEDIR=''
CURSES_LIBS='-lcurses'
CYGPATH_W='echo'
DEFS='-DHAVE_CONFIG_H'
DEPDIR='.deps'
ECHO_C=''
ECHO_N='-n'
ECHO_T=''
EGREP='grep -E'
EXEEXT=''
GAMEGROUP=''
INSTALL_DATA='${INSTALL} -m 644'
INSTALL_PROGRAM='${INSTALL}'
INSTALL_SCRIPT='${INSTALL}'
INSTALL_STRIP_PROGRAM='${SHELL} $(install_sh) -c -s'
LDFLAGS=''
LIBOBJS=''
LIBS='-lm '
LTLIBOBJS=''
MAKEINFO='${SHELL} /root/mygames/moon-buggy-1.0.51/missing --run makeinfo'
OBJEXT='o'
PACKAGE='moon-buggy'
PACKAGE_BUGREPORT='voss@seehuhn.de'
PACKAGE_NAME='moon-buggy'
PACKAGE_STRING='moon-buggy 1.0.51'
PACKAGE_TARNAME='moon-buggy'
PACKAGE_VERSION='1.0.51'
PATH_SEPARATOR=':'
SET_MAKE=''
SHELL='/bin/bash'
STRIP=''
VERSION='1.0.51'
ac_ct_CC='gcc'
ac_ct_STRIP=''
am__fastdepCC_FALSE='#'
am__fastdepCC_TRUE=''
am__include='include'
am__leading_dot='.'
am__quote=''
am__tar='${AMTAR} chof - "$$tardir"'
am__untar='${AMTAR} xf -'
bindir='${exec_prefix}/bin'
build='x86_64-unknown-linux-gnu'
build_alias=''
build_cpu='x86_64'
build_os='linux-gnu'
build_vendor='unknown'
datadir='${prefix}/share'
exec_prefix='${prefix}'
host='x86_64-unknown-linux-gnu'
host_alias=''
host_cpu='x86_64'
host_os='linux-gnu'
host_vendor='unknown'
includedir='${prefix}/include'
infodir='${prefix}/info'
install_sh='/root/mygames/moon-buggy-1.0.51/install-sh'
libdir='${exec_prefix}/lib'
libexecdir='${exec_prefix}/libexec'
localstatedir='${prefix}/var'
mandir='${prefix}/man'
mkdir_p='mkdir -p --'
oldincludedir='/usr/include'
prefix='/sbbs/doors/moon-buggy'
program_transform_name='s,x,x,'
sbindir='${exec_prefix}/sbin'
sharedstatedir='${prefix}/com'
short_getopt_FALSE=''
short_getopt_TRUE='#'
sysconfdir='${prefix}/etc'
target_alias=''

## ----------- ##
## confdefs.h. ##
## ----------- ##

#define CURSES_HEADER <curses.h>
#define HAVE_CURSES_H 1
#define HAVE_ERRNO_H 1
#define HAVE_FTRUNCATE 1
#define HAVE_GETOPT_H 1
#define HAVE_GETOPT_LONG 1
#define HAVE_INTTYPES_H 1
#define HAVE_LIBM 1
#define HAVE_LOCALE_H 1
#define HAVE_MEMORY_H 1
#define HAVE_SETLOCALE 1
#define HAVE_SETREUID 1
#define HAVE_STDINT_H 1
#define HAVE_STDLIB_H 1
#define HAVE_STRINGS_H 1
#define HAVE_STRING_H 1
#define HAVE_SYS_SELECT_H 1
#define HAVE_SYS_STAT_H 1
#define HAVE_SYS_TYPES_H 1
#define HAVE_TERMIOS_H 1
#define HAVE_UNISTD_H 1
#define PACKAGE "moon-buggy"
#define PACKAGE_BUGREPORT "voss@seehuhn.de"
#define PACKAGE_NAME "moon-buggy"
#define PACKAGE_STRING "moon-buggy 1.0.51"
#define PACKAGE_TARNAME "moon-buggy"
#define PACKAGE_VERSION "1.0.51"
#define RETSIGTYPE void
#define STDC_HEADERS 1
#define STDC_HEADERS 1
#define VERSION "1.0.51"
#define _XOPEN_SOURCE 1

configure: exit 0
